# JRE version: OpenJDK Runtime Environment (7.0_85-b01) (build 1.7.0_85-b01)
# Java VM: OpenJDK 64-Bit Server VM (24.85-b03 mixed mode linux-amd64 compressed oops)
Heap
 PSYoungGen      total 48640K, used 5005K [0x00000000ef900000, 0x00000000f2e00000, 0x0000000100000000)
  eden space 45056K, 9% used [0x00000000ef900000,0x00000000efd22110,0x00000000f2500000)
  from space 3584K, 21% used [0x00000000f2a80000,0x00000000f2b414f8,0x00000000f2e00000)
  to   space 4608K, 0% used [0x00000000f2500000,0x00000000f2500000,0x00000000f2980000)
 ParOldGen       total 36864K, used 24931K [0x00000000cec00000, 0x00000000d1000000, 0x00000000ef900000)
  object space 36864K, 67% used [0x00000000cec00000,0x00000000d0458ef0,0x00000000d1000000)
 PSPermGen       total 40448K, used 22763K [0x00000000b6c00000, 0x00000000b9380000, 0x00000000cec00000)
  object space 40448K, 56% used [0x00000000b6c00000,0x00000000b823ae58,0x00000000b9380000)
GC Heap History (10 events):
Event: 16.329 GC heap before
{Heap before GC invocations=27 (full 1):
 PSYoungGen      total 38400K, used 128K [0x00000000ef900000, 0x00000000f2400000, 0x0000000100000000)
  eden space 32768K, 0% used [0x00000000ef900000,0x00000000ef900000,0x00000000f1900000)
  from space 5632K, 2% used [0x00000000f1e80000,0x00000000f1ea0000,0x00000000f2400000)
  to   space 5632K, 0% used [0x00000000f1900000,0x00000000f1900000,0x00000000f1e80000)
 ParOldGen       total 22016K, used 21947K [0x00000000cec00000, 0x00000000d0180000, 0x00000000ef900000)
  object space 22016K, 99% used [0x00000000cec00000,0x00000000d016ee40,0x00000000d0180000)
 PSPermGen       total 32768K, used 20139K [0x00000000b6c00000, 0x00000000b8c00000, 0x00000000cec00000)
  object space 32768K, 61% used [0x00000000b6c00000,0x00000000b7faad20,0x00000000b8c00000)
Event: 16.624 GC heap after
Heap after GC invocations=27 (full 1):
 PSYoungGen      total 38400K, used 0K [0x00000000ef900000, 0x00000000f2400000, 0x0000000100000000)
  eden space 32768K, 0% used [0x00000000ef900000,0x00000000ef900000,0x00000000f1900000)
  from space 5632K, 0% used [0x00000000f1e80000,0x00000000f1e80000,0x00000000f2400000)
  to   space 5632K, 0% used [0x00000000f1900000,0x00000000f1900000,0x00000000f1e80000)
 ParOldGen       total 36864K, used 20548K [0x00000000cec00000, 0x00000000d1000000, 0x00000000ef900000)
  object space 36864K, 55% used [0x00000000cec00000,0x00000000d0011040,0x00000000d1000000)
 PSPermGen       total 40448K, used 20133K [0x00000000b6c00000, 0x00000000b9380000, 0x00000000cec00000)
  object space 40448K, 49% used [0x00000000b6c00000,0x00000000b7fa9470,0x00000000b9380000)
}
Event: 16.852 GC heap before
{Heap before GC invocations=28 (full 1):
 PSYoungGen      total 38400K, used 32768K [0x00000000ef900000, 0x00000000f2400000, 0x0000000100000000)
  eden space 32768K, 100% used [0x00000000ef900000,0x00000000f1900000,0x00000000f1900000)
  from space 5632K, 0% used [0x00000000f1e80000,0x00000000f1e80000,0x00000000f2400000)
  to   space 5632K, 0% used [0x00000000f1900000,0x00000000f1900000,0x00000000f1e80000)
 ParOldGen       total 36864K, used 20548K [0x00000000cec00000, 0x00000000d1000000, 0x00000000ef900000)
  object space 36864K, 55% used [0x00000000cec00000,0x00000000d0011040,0x00000000d1000000)
 PSPermGen       total 40448K, used 20151K [0x00000000b6c00000, 0x00000000b9380000, 0x00000000cec00000)
  object space 40448K, 49% used [0x00000000b6c00000,0x00000000b7fadd70,0x00000000b9380000)
Event: 16.854 GC heap after
Heap after GC invocations=28 (full 1):
 PSYoungGen      total 38400K, used 1782K [0x00000000ef900000, 0x00000000f2900000, 0x0000000100000000)
  eden space 32768K, 0% used [0x00000000ef900000,0x00000000ef900000,0x00000000f1900000)
  from space 5632K, 31% used [0x00000000f1900000,0x00000000f1abd8f8,0x00000000f1e80000)
  to   space 5120K, 0% used [0x00000000f2400000,0x00000000f2400000,0x00000000f2900000)
 ParOldGen       total 36864K, used 20548K [0x00000000cec00000, 0x00000000d1000000, 0x00000000ef900000)
  object space 36864K, 55% used [0x00000000cec00000,0x00000000d0011040,0x00000000d1000000)
 PSPermGen       total 40448K, used 20151K [0x00000000b6c00000, 0x00000000b9380000, 0x00000000cec00000)
  object space 40448K, 49% used [0x00000000b6c00000,0x00000000b7fadd70,0x00000000b9380000)
}
Event: 17.005 GC heap before
{Heap before GC invocations=29 (full 1):
 PSYoungGen      total 38400K, used 33709K [0x00000000ef900000, 0x00000000f2900000, 0x0000000100000000)
  eden space 32768K, 97% used [0x00000000ef900000,0x00000000f182dde8,0x00000000f1900000)
  from space 5632K, 31% used [0x00000000f1900000,0x00000000f1abd8f8,0x00000000f1e80000)
  to   space 5120K, 0% used [0x00000000f2400000,0x00000000f2400000,0x00000000f2900000)
 ParOldGen       total 36864K, used 20548K [0x00000000cec00000, 0x00000000d1000000, 0x00000000ef900000)
  object space 36864K, 55% used [0x00000000cec00000,0x00000000d0011040,0x00000000d1000000)
 PSPermGen       total 40448K, used 20153K [0x00000000b6c00000, 0x00000000b9380000, 0x00000000cec00000)
  object space 40448K, 49% used [0x00000000b6c00000,0x00000000b7fae780,0x00000000b9380000)
Event: 17.009 GC heap after
Heap after GC invocations=29 (full 1):
 PSYoungGen      total 44032K, used 0K [0x00000000ef900000, 0x00000000f2900000, 0x0000000100000000)
  eden space 38912K, 0% used [0x00000000ef900000,0x00000000ef900000,0x00000000f1f00000)
  from space 5120K, 0% used [0x00000000f2400000,0x00000000f2400000,0x00000000f2900000)
  to   space 5120K, 0% used [0x00000000f1f00000,0x00000000f1f00000,0x00000000f2400000)
 ParOldGen       total 36864K, used 23416K [0x00000000cec00000, 0x00000000d1000000, 0x00000000ef900000)
  object space 36864K, 63% used [0x00000000cec00000,0x00000000d02de220,0x00000000d1000000)
 PSPermGen       total 40448K, used 20153K [0x00000000b6c00000, 0x00000000b9380000, 0x00000000cec00000)
  object space 40448K, 49% used [0x00000000b6c00000,0x00000000b7fae780,0x00000000b9380000)
}
Event: 18.782 GC heap before
{Heap before GC invocations=30 (full 1):
 PSYoungGen      total 44032K, used 38912K [0x00000000ef900000, 0x00000000f2900000, 0x0000000100000000)
  eden space 38912K, 100% used [0x00000000ef900000,0x00000000f1f00000,0x00000000f1f00000)
  from space 5120K, 0% used [0x00000000f2400000,0x00000000f2400000,0x00000000f2900000)
  to   space 5120K, 0% used [0x00000000f1f00000,0x00000000f1f00000,0x00000000f2400000)
 ParOldGen       total 36864K, used 23416K [0x00000000cec00000, 0x00000000d1000000, 0x00000000ef900000)
  object space 36864K, 63% used [0x00000000cec00000,0x00000000d02de220,0x00000000d1000000)
 PSPermGen       total 40448K, used 20261K [0x00000000b6c00000, 0x00000000b9380000, 0x00000000cec00000)
  object space 40448K, 50% used [0x00000000b6c00000,0x00000000b7fc9540,0x00000000b9380000)
Event: 18.785 GC heap after
Heap after GC invocations=30 (full 1):
 PSYoungGen      total 44032K, used 1683K [0x00000000ef900000, 0x00000000f2f80000, 0x0000000100000000)
  eden space 38912K, 0% used [0x00000000ef900000,0x00000000ef900000,0x00000000f1f00000)
  from space 5120K, 32% used [0x00000000f1f00000,0x00000000f20a4cc0,0x00000000f2400000)
  to   space 5120K, 0% used [0x00000000f2a80000,0x00000000f2a80000,0x00000000f2f80000)
 ParOldGen       total 36864K, used 23416K [0x00000000cec00000, 0x00000000d1000000, 0x00000000ef900000)
  object space 36864K, 63% used [0x00000000cec00000,0x00000000d02de220,0x00000000d1000000)
 PSPermGen       total 40448K, used 20261K [0x00000000b6c00000, 0x00000000b9380000, 0x00000000cec00000)
  object space 40448K, 50% used [0x00000000b6c00000,0x00000000b7fc9540,0x00000000b9380000)
}
Event: 19.531 GC heap before
{Heap before GC invocations=31 (full 1):
 PSYoungGen      total 44032K, used 40595K [0x00000000ef900000, 0x00000000f2f80000, 0x0000000100000000)
  eden space 38912K, 100% used [0x00000000ef900000,0x00000000f1f00000,0x00000000f1f00000)
  from space 5120K, 32% used [0x00000000f1f00000,0x00000000f20a4cc0,0x00000000f2400000)
  to   space 5120K, 0% used [0x00000000f2a80000,0x00000000f2a80000,0x00000000f2f80000)
 ParOldGen       total 36864K, used 23416K [0x00000000cec00000, 0x00000000d1000000, 0x00000000ef900000)
  object space 36864K, 63% used [0x00000000cec00000,0x00000000d02de220,0x00000000d1000000)
 PSPermGen       total 40448K, used 21836K [0x00000000b6c00000, 0x00000000b9380000, 0x00000000cec00000)
  object space 40448K, 53% used [0x00000000b6c00000,0x00000000b8153388,0x00000000b9380000)
Event: 19.537 GC heap after
Heap after GC invocations=31 (full 1):
 PSYoungGen      total 48640K, used 773K [0x00000000ef900000, 0x00000000f2e00000, 0x0000000100000000)
  eden space 45056K, 0% used [0x00000000ef900000,0x00000000ef900000,0x00000000f2500000)
  from space 3584K, 21% used [0x00000000f2a80000,0x00000000f2b414f8,0x00000000f2e00000)
  to   space 4608K, 0% used [0x00000000f2500000,0x00000000f2500000,0x00000000f2980000)
 ParOldGen       total 36864K, used 24931K [0x00000000cec00000, 0x00000000d1000000, 0x00000000ef900000)
  object space 36864K, 67% used [0x00000000cec00000,0x00000000d0458ef0,0x00000000d1000000)
 PSPermGen       total 40448K, used 21836K [0x00000000b6c00000, 0x00000000b9380000, 0x00000000cec00000)
  object space 40448K, 53% used [0x00000000b6c00000,0x00000000b8153388,0x00000000b9380000)
}

